[2026-05-04T23:08:21] === OPERATOR LOOP STARTED | poll=60s | repo=C:\AI Assistant\MIDE ===
[2026-05-04T23:08:22] GIT PULL ERROR: error: cannot pull with rebase: You have unstaged changes. error: Please commit or stash them.
[2026-05-04T23:08:22] NEW RESULT: TASK-0004 | status=
[2026-05-04T23:08:22] NEW RESULT: TASK-0004A | status=completed
[2026-05-04T23:08:22]   -> SUCCESS: issuing next task in pipeline
[2026-05-04T23:08:58] === OPERATOR LOOP STARTED | poll=60s | repo=C:\AI Assistant\MIDE ===
[2026-05-04T23:08:59] poll: sleeping 60s...
[2026-05-04T23:09:59] GIT PULL ERROR: error: Pulling is not possible because you have unmerged files. hint: Fix them up in the work tree, and then use 'git add/rm <file>' hint: as appropriate to mark resolution and make a commit. fatal: Exiting because of an unresolved conflict.
[2026-05-04T23:09:59] poll: sleeping 60s...
[2026-05-04T23:10:59] GIT PULL ERROR: warning: fetch updated the current branch head. fast-forwarding your working tree from commit 786e592d42443c0f8ab79387824a914ff53eba4f. fatal: Cannot rebase onto multiple branches.
[2026-05-04T23:10:59] poll: sleeping 60s...
[2026-05-04T23:23:08] poll: sleeping 60s...
[2026-05-04T23:23:46] === OPERATOR LOOP STARTED | poll=60s | repo=C:\AI Assistant\MIDE ===
[2026-05-04T23:23:47] NEW RESULT: MTASK-0098 | status=completed
[2026-05-04T23:23:47]   -> SUCCESS: issuing next task in pipeline
[2026-05-04T23:23:47] NEXT TASK MTASK-0099 already exists, skipping
[2026-05-04T23:23:47] NEW RESULT: MTASK-0099 | status=completed
[2026-05-04T23:23:47]   -> SUCCESS: issuing next task in pipeline
[2026-05-04T23:23:47] NO PIPELINE ENTRY for MTASK-0099 -- operator input needed for next step
[2026-05-04T23:23:47] NEW RESULT: MTASK-0100 | status=completed
[2026-05-04T23:23:47]   -> SUCCESS: issuing next task in pipeline
[2026-05-04T23:23:47] NO PIPELINE ENTRY for MTASK-0100 -- operator input needed for next step
[2026-05-04T23:23:47] poll: sleeping 60s...
[2026-05-04T23:24:47] poll: sleeping 60s...
[2026-05-04T23:25:48] poll: sleeping 60s...
[2026-05-04T23:26:48] poll: sleeping 60s...
[2026-05-04T23:27:48] NEW RESULT: MTASK-0101 | status=completed
[2026-05-04T23:27:48]   -> SUCCESS: issuing next task in pipeline
[2026-05-04T23:27:48] NO PIPELINE ENTRY for MTASK-0101 -- operator input needed for next step
[2026-05-04T23:27:48] poll: sleeping 60s...
[2026-05-04T23:28:49] poll: sleeping 60s...
[2026-05-04T23:29:49] poll: sleeping 60s...
[2026-05-04T23:30:49] NEW RESULT: MTASK-0102 | status=completed
[2026-05-04T23:30:49]   -> SUCCESS: issuing next task in pipeline
[2026-05-04T23:30:49] NO PIPELINE ENTRY for MTASK-0102 -- operator input needed for next step
[2026-05-04T23:30:49] poll: sleeping 60s...
[2026-05-04T23:31:49] NEW RESULT: MTASK-0103 | status=completed
[2026-05-04T23:31:49]   -> SUCCESS: issuing next task in pipeline
[2026-05-04T23:31:49] NO PIPELINE ENTRY for MTASK-0103 -- operator input needed for next step
[2026-05-04T23:31:49] poll: sleeping 60s...
[2026-05-04T23:32:50] poll: sleeping 60s...
[2026-05-04T23:33:50] poll: sleeping 60s...
[2026-05-04T23:34:50] poll: sleeping 60s...
[2026-05-04T23:35:51] poll: sleeping 60s...
[2026-05-04T23:36:51] poll: sleeping 60s...
[2026-05-04T23:37:51] poll: sleeping 60s...
[2026-05-04T23:38:52] poll: sleeping 60s...
[2026-05-04T23:39:52] poll: sleeping 60s...
[2026-05-04T23:40:52] poll: sleeping 60s...
[2026-05-04T23:41:53] poll: sleeping 60s...
[2026-05-04T23:42:53] poll: sleeping 60s...
[2026-05-04T23:43:53] poll: sleeping 60s...
[2026-05-04T23:44:54] poll: sleeping 60s...
[2026-05-04T23:45:54] NEW RESULT: MTASK-REPORT-ubuntu-worker-01-20260505 | status=
[2026-05-04T23:45:54] poll: sleeping 60s...
[2026-05-04T23:46:55] poll: sleeping 60s...
[2026-05-04T23:47:55] poll: sleeping 60s...
[2026-05-04T23:48:56] poll: sleeping 60s...
[2026-05-04T23:49:56] poll: sleeping 60s...
[2026-05-04T23:50:56] poll: sleeping 60s...
[2026-05-04T23:51:57] poll: sleeping 60s...
[2026-05-04T23:52:57] poll: sleeping 60s...
[2026-05-04T23:53:57] poll: sleeping 60s...
[2026-05-04T23:54:58] poll: sleeping 60s...
[2026-05-04T23:55:58] poll: sleeping 60s...
[2026-05-04T23:56:58] poll: sleeping 60s...
[2026-05-04T23:57:59] poll: sleeping 60s...
[2026-05-04T23:58:59] poll: sleeping 60s...
[2026-05-04T23:59:59] poll: sleeping 60s...
[2026-05-05T00:01:00] poll: sleeping 60s...
[2026-05-05T00:02:00] poll: sleeping 60s...
[2026-05-05T00:03:01] poll: sleeping 60s...
[2026-05-05T00:04:01] poll: sleeping 60s...
[2026-05-05T00:05:01] poll: sleeping 60s...
[2026-05-05T00:06:02] poll: sleeping 60s...
[2026-05-05T00:07:02] poll: sleeping 60s...
[2026-05-05T00:08:02] poll: sleeping 60s...
[2026-05-05T00:09:03] poll: sleeping 60s...
[2026-05-05T00:10:03] poll: sleeping 60s...
[2026-05-05T00:11:03] poll: sleeping 60s...
[2026-05-05T00:12:04] poll: sleeping 60s...
[2026-05-05T00:13:04] poll: sleeping 60s...
[2026-05-05T00:14:04] poll: sleeping 60s...
[2026-05-05T00:15:05] poll: sleeping 60s...
[2026-05-05T00:16:05] poll: sleeping 60s...
[2026-05-05T00:17:06] poll: sleeping 60s...
[2026-05-05T00:18:06] poll: sleeping 60s...
[2026-05-05T00:19:06] poll: sleeping 60s...
[2026-05-05T00:20:06] poll: sleeping 60s...
[2026-05-05T00:21:07] poll: sleeping 60s...
[2026-05-05T00:22:07] poll: sleeping 60s...
[2026-05-05T00:23:07] poll: sleeping 60s...
[2026-05-05T00:24:08] poll: sleeping 60s...
[2026-05-05T00:25:08] poll: sleeping 60s...
[2026-05-05T00:26:08] poll: sleeping 60s...
[2026-05-05T00:27:08] poll: sleeping 60s...
[2026-05-05T00:28:09] poll: sleeping 60s...
[2026-05-05T00:29:09] poll: sleeping 60s...
[2026-05-05T00:30:10] poll: sleeping 60s...
[2026-05-05T00:31:10] poll: sleeping 60s...
[2026-05-05T00:32:10] poll: sleeping 60s...
[2026-05-05T00:33:11] poll: sleeping 60s...
[2026-05-05T00:34:11] poll: sleeping 60s...
[2026-05-05T00:35:11] poll: sleeping 60s...
[2026-05-05T00:36:12] poll: sleeping 60s...
[2026-05-05T00:37:12] poll: sleeping 60s...
[2026-05-05T00:38:12] poll: sleeping 60s...
[2026-05-05T00:39:12] poll: sleeping 60s...
[2026-05-05T00:40:13] poll: sleeping 60s...
[2026-05-05T00:41:13] poll: sleeping 60s...
[2026-05-05T00:42:13] poll: sleeping 60s...
[2026-05-05T00:43:14] poll: sleeping 60s...
[2026-05-05T00:44:14] poll: sleeping 60s...
[2026-05-05T00:45:14] poll: sleeping 60s...
[2026-05-05T00:46:15] poll: sleeping 60s...
[2026-05-05T00:47:15] poll: sleeping 60s...
[2026-05-05T00:48:15] poll: sleeping 60s...
[2026-05-05T00:49:15] poll: sleeping 60s...
[2026-05-05T00:50:16] poll: sleeping 60s...
[2026-05-05T00:51:16] poll: sleeping 60s...
[2026-05-05T00:52:16] poll: sleeping 60s...
[2026-05-05T00:53:17] poll: sleeping 60s...
[2026-05-05T00:54:17] poll: sleeping 60s...
[2026-05-05T00:55:17] poll: sleeping 60s...
[2026-05-05T00:56:18] poll: sleeping 60s...
[2026-05-05T00:57:18] poll: sleeping 60s...
[2026-05-05T00:58:18] poll: sleeping 60s...
[2026-05-05T00:59:19] poll: sleeping 60s...
[2026-05-05T01:00:19] poll: sleeping 60s...
[2026-05-05T01:01:19] poll: sleeping 60s...
[2026-05-05T01:02:20] poll: sleeping 60s...
[2026-05-05T01:03:20] poll: sleeping 60s...
[2026-05-05T01:04:20] poll: sleeping 60s...
[2026-05-05T01:05:21] poll: sleeping 60s...
[2026-05-05T01:06:21] poll: sleeping 60s...
[2026-05-05T01:07:21] poll: sleeping 60s...
[2026-05-05T01:08:22] poll: sleeping 60s...
[2026-05-05T01:09:22] poll: sleeping 60s...
[2026-05-05T01:10:22] poll: sleeping 60s...
[2026-05-05T01:11:22] poll: sleeping 60s...
[2026-05-05T01:12:23] poll: sleeping 60s...
[2026-05-05T01:13:23] poll: sleeping 60s...
[2026-05-05T01:14:23] poll: sleeping 60s...
[2026-05-05T01:15:24] poll: sleeping 60s...
[2026-05-05T01:16:24] poll: sleeping 60s...
[2026-05-05T01:17:24] poll: sleeping 60s...
[2026-05-05T01:18:24] poll: sleeping 60s...
[2026-05-05T01:19:25] poll: sleeping 60s...
[2026-05-05T01:20:25] poll: sleeping 60s...
[2026-05-05T01:21:25] poll: sleeping 60s...
[2026-05-05T01:22:26] poll: sleeping 60s...
[2026-05-05T01:23:26] poll: sleeping 60s...
[2026-05-05T01:24:26] poll: sleeping 60s...
[2026-05-05T01:25:27] poll: sleeping 60s...
[2026-05-05T01:26:27] poll: sleeping 60s...
[2026-05-05T01:27:27] poll: sleeping 60s...
[2026-05-05T01:28:28] poll: sleeping 60s...
[2026-05-05T01:29:30] poll: sleeping 60s...
[2026-05-05T01:30:30] poll: sleeping 60s...
[2026-05-05T01:31:31] poll: sleeping 60s...
[2026-05-05T01:32:31] poll: sleeping 60s...
[2026-05-05T01:33:31] poll: sleeping 60s...
[2026-05-05T01:34:32] poll: sleeping 60s...
[2026-05-05T01:35:32] poll: sleeping 60s...
[2026-05-05T01:36:32] poll: sleeping 60s...
[2026-05-05T01:37:33] poll: sleeping 60s...
[2026-05-05T01:38:33] poll: sleeping 60s...
[2026-05-05T01:39:33] poll: sleeping 60s...
[2026-05-05T01:40:34] poll: sleeping 60s...
[2026-05-05T01:41:34] poll: sleeping 60s...
[2026-05-05T01:42:35] poll: sleeping 60s...
[2026-05-05T01:43:35] poll: sleeping 60s...
[2026-05-05T01:44:35] poll: sleeping 60s...
[2026-05-05T01:45:36] poll: sleeping 60s...
[2026-05-05T01:46:36] poll: sleeping 60s...
[2026-05-05T01:47:36] poll: sleeping 60s...
[2026-05-05T01:48:37] poll: sleeping 60s...
[2026-05-05T01:49:37] poll: sleeping 60s...
[2026-05-05T01:50:37] poll: sleeping 60s...
[2026-05-05T01:51:38] poll: sleeping 60s...
[2026-05-05T01:52:38] poll: sleeping 60s...
[2026-05-05T01:53:38] poll: sleeping 60s...
[2026-05-05T01:54:39] poll: sleeping 60s...
[2026-05-05T01:55:39] poll: sleeping 60s...
[2026-05-05T01:56:39] poll: sleeping 60s...
[2026-05-05T01:57:39] poll: sleeping 60s...
[2026-05-05T01:58:40] poll: sleeping 60s...
[2026-05-05T01:59:40] poll: sleeping 60s...
[2026-05-05T02:00:40] poll: sleeping 60s...
[2026-05-05T02:01:41] poll: sleeping 60s...
[2026-05-05T02:02:41] poll: sleeping 60s...
[2026-05-05T02:03:41] poll: sleeping 60s...
[2026-05-05T02:04:42] poll: sleeping 60s...
[2026-05-05T02:05:42] poll: sleeping 60s...
[2026-05-05T02:06:42] poll: sleeping 60s...
[2026-05-05T02:07:43] poll: sleeping 60s...
[2026-05-05T02:08:43] poll: sleeping 60s...
[2026-05-05T02:09:43] poll: sleeping 60s...
[2026-05-05T02:10:43] poll: sleeping 60s...
[2026-05-05T02:11:44] poll: sleeping 60s...
[2026-05-05T02:12:44] poll: sleeping 60s...
[2026-05-05T02:13:45] poll: sleeping 60s...
[2026-05-05T02:14:45] poll: sleeping 60s...
[2026-05-05T02:15:45] poll: sleeping 60s...
[2026-05-05T02:16:46] poll: sleeping 60s...
[2026-05-05T02:17:46] poll: sleeping 60s...
[2026-05-05T02:18:46] poll: sleeping 60s...
[2026-05-05T02:19:47] poll: sleeping 60s...
[2026-05-05T02:20:47] poll: sleeping 60s...
[2026-05-05T02:21:47] poll: sleeping 60s...
[2026-05-05T02:22:47] poll: sleeping 60s...
[2026-05-05T02:23:48] poll: sleeping 60s...
[2026-05-05T02:24:48] poll: sleeping 60s...
[2026-05-05T02:25:48] poll: sleeping 60s...
[2026-05-05T02:26:49] poll: sleeping 60s...
[2026-05-05T02:27:49] poll: sleeping 60s...
[2026-05-05T02:28:49] poll: sleeping 60s...
[2026-05-05T02:29:50] poll: sleeping 60s...
[2026-05-05T02:30:50] poll: sleeping 60s...
[2026-05-05T02:31:50] poll: sleeping 60s...
[2026-05-05T02:32:50] poll: sleeping 60s...
[2026-05-05T02:33:51] poll: sleeping 60s...
[2026-05-05T02:34:51] poll: sleeping 60s...
[2026-05-05T02:35:51] poll: sleeping 60s...
[2026-05-05T02:36:52] poll: sleeping 60s...
[2026-05-05T02:37:52] poll: sleeping 60s...
[2026-05-05T02:38:52] poll: sleeping 60s...
[2026-05-05T02:39:53] poll: sleeping 60s...
[2026-05-05T02:40:53] poll: sleeping 60s...
[2026-05-05T02:41:53] poll: sleeping 60s...
[2026-05-05T02:42:54] poll: sleeping 60s...
[2026-05-05T02:43:54] poll: sleeping 60s...
[2026-05-05T02:44:54] poll: sleeping 60s...
[2026-05-05T02:45:55] poll: sleeping 60s...
[2026-05-05T02:46:55] poll: sleeping 60s...
[2026-05-05T02:47:55] poll: sleeping 60s...
[2026-05-05T02:48:55] poll: sleeping 60s...
[2026-05-05T02:49:56] poll: sleeping 60s...
[2026-05-05T02:50:56] poll: sleeping 60s...
[2026-05-05T02:51:56] poll: sleeping 60s...
[2026-05-05T02:52:57] poll: sleeping 60s...
[2026-05-05T02:53:57] poll: sleeping 60s...
[2026-05-05T02:54:57] poll: sleeping 60s...
[2026-05-05T02:55:58] poll: sleeping 60s...
[2026-05-05T02:56:58] poll: sleeping 60s...
[2026-05-05T02:57:58] poll: sleeping 60s...
[2026-05-05T02:58:59] poll: sleeping 60s...
[2026-05-05T02:59:59] poll: sleeping 60s...
[2026-05-05T03:00:59] poll: sleeping 60s...
[2026-05-05T03:02:00] poll: sleeping 60s...
[2026-05-05T03:03:00] poll: sleeping 60s...
[2026-05-05T03:04:00] poll: sleeping 60s...
[2026-05-05T03:05:00] poll: sleeping 60s...
[2026-05-05T03:06:01] poll: sleeping 60s...
[2026-05-05T03:07:01] poll: sleeping 60s...
[2026-05-05T03:08:01] poll: sleeping 60s...
[2026-05-05T03:09:02] poll: sleeping 60s...
[2026-05-05T03:10:02] poll: sleeping 60s...
[2026-05-05T03:11:02] poll: sleeping 60s...
[2026-05-05T03:12:03] poll: sleeping 60s...
[2026-05-05T03:13:03] poll: sleeping 60s...
[2026-05-05T03:14:03] poll: sleeping 60s...
[2026-05-05T03:15:04] poll: sleeping 60s...
[2026-05-05T03:16:04] poll: sleeping 60s...
[2026-05-05T03:17:04] poll: sleeping 60s...
[2026-05-05T03:18:05] poll: sleeping 60s...
[2026-05-05T03:19:05] poll: sleeping 60s...
[2026-05-05T03:20:05] poll: sleeping 60s...
[2026-05-05T03:21:06] poll: sleeping 60s...
[2026-05-05T03:22:06] poll: sleeping 60s...
[2026-05-05T03:23:06] poll: sleeping 60s...
[2026-05-05T03:24:07] poll: sleeping 60s...
[2026-05-05T03:25:07] poll: sleeping 60s...
[2026-05-05T03:26:07] poll: sleeping 60s...
[2026-05-05T03:27:08] poll: sleeping 60s...
[2026-05-05T03:28:08] poll: sleeping 60s...
[2026-05-05T03:29:08] poll: sleeping 60s...
[2026-05-05T03:30:09] poll: sleeping 60s...
[2026-05-05T03:31:09] poll: sleeping 60s...
[2026-05-05T03:32:09] poll: sleeping 60s...
[2026-05-05T03:33:10] poll: sleeping 60s...
[2026-05-05T03:34:10] poll: sleeping 60s...
[2026-05-05T03:35:10] poll: sleeping 60s...
[2026-05-05T03:36:11] poll: sleeping 60s...
[2026-05-05T03:37:11] poll: sleeping 60s...
[2026-05-05T03:38:11] poll: sleeping 60s...
[2026-05-05T03:39:12] poll: sleeping 60s...
[2026-05-05T03:40:12] poll: sleeping 60s...
[2026-05-05T03:41:12] poll: sleeping 60s...
[2026-05-05T03:42:13] poll: sleeping 60s...
[2026-05-05T03:43:13] poll: sleeping 60s...
[2026-05-05T03:44:13] poll: sleeping 60s...
[2026-05-05T03:45:14] poll: sleeping 60s...
[2026-05-05T03:46:14] poll: sleeping 60s...
[2026-05-05T03:47:14] poll: sleeping 60s...
[2026-05-05T03:48:15] poll: sleeping 60s...
[2026-05-05T03:49:15] poll: sleeping 60s...
[2026-05-05T03:50:15] poll: sleeping 60s...
[2026-05-05T03:51:16] poll: sleeping 60s...
[2026-05-05T03:52:16] poll: sleeping 60s...
[2026-05-05T03:53:16] poll: sleeping 60s...
[2026-05-05T03:54:16] poll: sleeping 60s...
[2026-05-05T03:55:17] poll: sleeping 60s...
[2026-05-05T03:56:17] poll: sleeping 60s...
[2026-05-05T03:57:17] poll: sleeping 60s...
[2026-05-05T03:58:18] poll: sleeping 60s...
[2026-05-05T03:59:18] poll: sleeping 60s...
[2026-05-05T04:00:18] poll: sleeping 60s...
[2026-05-05T04:01:19] poll: sleeping 60s...
[2026-05-05T04:02:19] poll: sleeping 60s...
[2026-05-05T04:03:19] poll: sleeping 60s...
[2026-05-05T04:04:20] poll: sleeping 60s...
[2026-05-05T04:05:20] poll: sleeping 60s...
[2026-05-05T04:06:20] poll: sleeping 60s...
[2026-05-05T04:07:20] poll: sleeping 60s...
[2026-05-05T04:08:21] poll: sleeping 60s...
[2026-05-05T04:09:21] poll: sleeping 60s...
[2026-05-05T04:10:21] poll: sleeping 60s...
[2026-05-05T04:11:22] poll: sleeping 60s...
[2026-05-05T04:12:22] poll: sleeping 60s...
[2026-05-05T04:13:23] poll: sleeping 60s...
[2026-05-05T04:14:23] poll: sleeping 60s...
[2026-05-05T04:15:23] poll: sleeping 60s...
[2026-05-05T04:16:23] poll: sleeping 60s...
[2026-05-05T04:17:24] poll: sleeping 60s...
[2026-05-05T04:18:24] poll: sleeping 60s...
[2026-05-05T04:19:24] poll: sleeping 60s...
[2026-05-05T04:20:25] poll: sleeping 60s...
[2026-05-05T04:21:25] poll: sleeping 60s...
[2026-05-05T04:22:25] poll: sleeping 60s...
[2026-05-05T04:23:26] poll: sleeping 60s...
[2026-05-05T04:24:26] poll: sleeping 60s...
[2026-05-05T04:25:26] poll: sleeping 60s...
[2026-05-05T04:26:27] poll: sleeping 60s...
[2026-05-05T04:27:27] poll: sleeping 60s...
[2026-05-05T04:28:27] poll: sleeping 60s...
[2026-05-05T04:29:28] poll: sleeping 60s...
[2026-05-05T04:30:28] poll: sleeping 60s...
[2026-05-05T04:31:28] poll: sleeping 60s...
[2026-05-05T04:32:28] poll: sleeping 60s...
[2026-05-05T04:33:29] poll: sleeping 60s...
[2026-05-05T04:34:29] poll: sleeping 60s...
[2026-05-05T04:35:29] poll: sleeping 60s...
[2026-05-05T04:36:30] poll: sleeping 60s...
[2026-05-05T04:37:30] poll: sleeping 60s...
[2026-05-05T04:38:30] poll: sleeping 60s...
[2026-05-05T04:39:31] poll: sleeping 60s...
[2026-05-05T04:40:31] poll: sleeping 60s...
[2026-05-05T04:41:32] poll: sleeping 60s...
[2026-05-05T04:42:32] poll: sleeping 60s...
[2026-05-05T04:43:32] poll: sleeping 60s...
[2026-05-05T04:44:32] poll: sleeping 60s...
[2026-05-05T04:45:33] poll: sleeping 60s...
[2026-05-05T04:46:33] poll: sleeping 60s...
[2026-05-05T04:47:33] poll: sleeping 60s...
[2026-05-05T04:48:34] poll: sleeping 60s...
[2026-05-05T04:49:34] poll: sleeping 60s...
[2026-05-05T04:50:34] poll: sleeping 60s...
[2026-05-05T04:51:35] poll: sleeping 60s...
[2026-05-05T04:52:35] poll: sleeping 60s...
[2026-05-05T04:53:35] poll: sleeping 60s...
[2026-05-05T04:54:36] poll: sleeping 60s...
[2026-05-05T04:55:36] poll: sleeping 60s...
[2026-05-05T04:56:36] poll: sleeping 60s...
[2026-05-05T04:57:37] poll: sleeping 60s...
[2026-05-05T04:58:37] poll: sleeping 60s...
[2026-05-05T04:59:37] poll: sleeping 60s...
[2026-05-05T05:00:38] poll: sleeping 60s...
[2026-05-05T05:01:38] poll: sleeping 60s...
[2026-05-05T05:02:38] poll: sleeping 60s...
[2026-05-05T05:03:39] poll: sleeping 60s...
[2026-05-05T05:04:39] poll: sleeping 60s...
[2026-05-05T05:05:39] poll: sleeping 60s...
[2026-05-05T05:06:40] poll: sleeping 60s...
[2026-05-05T05:07:40] poll: sleeping 60s...
[2026-05-05T05:08:41] poll: sleeping 60s...
[2026-05-05T05:09:41] poll: sleeping 60s...
[2026-05-05T05:10:41] poll: sleeping 60s...
[2026-05-05T05:11:42] poll: sleeping 60s...
[2026-05-05T05:12:42] poll: sleeping 60s...
[2026-05-05T05:13:42] poll: sleeping 60s...
[2026-05-05T05:14:43] poll: sleeping 60s...
[2026-05-05T05:15:43] poll: sleeping 60s...
[2026-05-05T05:16:43] poll: sleeping 60s...
[2026-05-05T05:17:44] poll: sleeping 60s...
[2026-05-05T05:18:44] poll: sleeping 60s...
[2026-05-05T05:19:44] poll: sleeping 60s...
[2026-05-05T05:20:45] poll: sleeping 60s...
[2026-05-05T05:21:45] poll: sleeping 60s...
[2026-05-05T05:22:45] poll: sleeping 60s...
[2026-05-05T05:23:45] poll: sleeping 60s...
[2026-05-05T05:24:46] poll: sleeping 60s...
[2026-05-05T05:25:46] poll: sleeping 60s...
[2026-05-05T05:26:47] poll: sleeping 60s...
[2026-05-05T05:27:47] poll: sleeping 60s...
[2026-05-05T05:28:47] poll: sleeping 60s...
[2026-05-05T05:29:47] poll: sleeping 60s...
[2026-05-05T05:30:48] poll: sleeping 60s...
[2026-05-05T05:31:48] poll: sleeping 60s...
[2026-05-05T05:32:48] poll: sleeping 60s...
[2026-05-05T05:33:49] poll: sleeping 60s...
[2026-05-05T05:34:49] poll: sleeping 60s...
[2026-05-05T05:35:49] poll: sleeping 60s...
[2026-05-05T05:36:50] poll: sleeping 60s...
[2026-05-05T05:37:50] poll: sleeping 60s...
[2026-05-05T05:38:50] poll: sleeping 60s...
[2026-05-05T05:39:51] poll: sleeping 60s...
[2026-05-05T05:40:51] poll: sleeping 60s...
[2026-05-05T05:41:51] poll: sleeping 60s...
[2026-05-05T05:42:51] poll: sleeping 60s...
[2026-05-05T05:43:52] poll: sleeping 60s...
[2026-05-05T05:44:52] poll: sleeping 60s...
[2026-05-05T05:45:52] poll: sleeping 60s...
[2026-05-05T05:46:53] poll: sleeping 60s...
[2026-05-05T05:47:53] poll: sleeping 60s...
[2026-05-05T05:48:53] poll: sleeping 60s...
[2026-05-05T05:49:54] poll: sleeping 60s...
[2026-05-05T05:50:54] poll: sleeping 60s...
[2026-05-05T05:51:54] poll: sleeping 60s...
[2026-05-05T05:52:55] poll: sleeping 60s...
[2026-05-05T05:53:55] poll: sleeping 60s...
[2026-05-05T05:54:55] poll: sleeping 60s...
[2026-05-05T05:55:55] poll: sleeping 60s...
[2026-05-05T05:56:56] poll: sleeping 60s...
[2026-05-05T05:57:56] poll: sleeping 60s...
[2026-05-05T05:58:56] poll: sleeping 60s...
[2026-05-05T05:59:57] poll: sleeping 60s...
[2026-05-05T06:00:57] poll: sleeping 60s...
[2026-05-05T06:01:58] poll: sleeping 60s...
[2026-05-05T06:02:58] poll: sleeping 60s...
[2026-05-05T06:03:58] poll: sleeping 60s...
[2026-05-05T06:04:58] poll: sleeping 60s...
[2026-05-05T06:05:59] poll: sleeping 60s...
[2026-05-05T06:06:59] poll: sleeping 60s...
[2026-05-05T06:07:59] poll: sleeping 60s...
[2026-05-05T06:09:00] poll: sleeping 60s...
[2026-05-05T06:10:00] poll: sleeping 60s...
[2026-05-05T06:11:00] poll: sleeping 60s...
[2026-05-05T06:12:01] poll: sleeping 60s...
[2026-05-05T06:13:01] poll: sleeping 60s...
[2026-05-05T06:14:01] poll: sleeping 60s...
[2026-05-05T06:15:02] poll: sleeping 60s...
[2026-05-05T06:16:02] poll: sleeping 60s...
[2026-05-05T06:17:02] poll: sleeping 60s...
[2026-05-05T06:18:03] poll: sleeping 60s...
[2026-05-05T06:19:03] poll: sleeping 60s...
[2026-05-05T06:20:03] poll: sleeping 60s...
[2026-05-05T06:21:04] poll: sleeping 60s...
[2026-05-05T06:22:04] poll: sleeping 60s...
[2026-05-05T06:23:04] poll: sleeping 60s...
[2026-05-05T06:24:05] poll: sleeping 60s...
[2026-05-05T06:25:05] poll: sleeping 60s...
[2026-05-05T06:26:05] poll: sleeping 60s...
[2026-05-05T06:27:05] poll: sleeping 60s...
[2026-05-05T06:28:06] poll: sleeping 60s...
[2026-05-05T06:29:06] poll: sleeping 60s...
[2026-05-05T06:30:07] poll: sleeping 60s...
[2026-05-05T06:31:07] poll: sleeping 60s...
[2026-05-05T06:32:07] poll: sleeping 60s...
[2026-05-05T06:33:08] poll: sleeping 60s...
[2026-05-05T06:34:08] poll: sleeping 60s...
[2026-05-05T06:35:08] poll: sleeping 60s...
[2026-05-05T06:36:08] poll: sleeping 60s...
[2026-05-05T06:37:09] poll: sleeping 60s...
[2026-05-05T06:38:09] poll: sleeping 60s...
[2026-05-05T06:39:09] poll: sleeping 60s...
[2026-05-05T06:40:10] poll: sleeping 60s...
[2026-05-05T06:41:10] poll: sleeping 60s...
[2026-05-05T06:42:10] poll: sleeping 60s...
[2026-05-05T06:43:11] poll: sleeping 60s...
[2026-05-05T06:44:11] poll: sleeping 60s...
[2026-05-05T06:45:11] poll: sleeping 60s...
[2026-05-05T06:46:12] poll: sleeping 60s...
[2026-05-05T06:47:12] poll: sleeping 60s...
[2026-05-05T06:48:12] poll: sleeping 60s...
[2026-05-05T06:49:12] poll: sleeping 60s...
[2026-05-05T06:50:13] poll: sleeping 60s...
[2026-05-05T06:51:13] poll: sleeping 60s...
[2026-05-05T06:52:13] poll: sleeping 60s...
[2026-05-05T06:53:14] poll: sleeping 60s...
[2026-05-05T06:54:14] poll: sleeping 60s...
[2026-05-05T06:55:14] poll: sleeping 60s...
[2026-05-05T06:56:15] poll: sleeping 60s...
[2026-05-05T06:57:15] poll: sleeping 60s...
[2026-05-05T06:58:15] poll: sleeping 60s...
[2026-05-05T06:59:16] poll: sleeping 60s...
[2026-05-05T07:00:16] poll: sleeping 60s...
[2026-05-05T07:01:16] poll: sleeping 60s...
[2026-05-05T07:02:17] poll: sleeping 60s...
[2026-05-05T07:03:17] poll: sleeping 60s...
[2026-05-05T07:04:18] poll: sleeping 60s...
[2026-05-05T07:05:18] poll: sleeping 60s...
[2026-05-05T07:06:19] poll: sleeping 60s...
[2026-05-05T07:07:19] poll: sleeping 60s...
[2026-05-05T07:08:19] poll: sleeping 60s...
[2026-05-05T07:09:19] poll: sleeping 60s...
[2026-05-05T07:10:20] poll: sleeping 60s...
[2026-05-05T07:11:20] poll: sleeping 60s...
[2026-05-05T07:12:20] poll: sleeping 60s...
[2026-05-05T07:13:21] poll: sleeping 60s...
[2026-05-05T07:14:21] poll: sleeping 60s...
[2026-05-05T07:15:21] poll: sleeping 60s...
[2026-05-05T07:16:22] poll: sleeping 60s...
[2026-05-05T07:17:22] poll: sleeping 60s...
[2026-05-05T07:18:22] poll: sleeping 60s...
[2026-05-05T07:19:23] poll: sleeping 60s...
[2026-05-05T07:20:23] poll: sleeping 60s...
[2026-05-05T07:21:24] poll: sleeping 60s...
[2026-05-05T07:22:24] poll: sleeping 60s...
[2026-05-05T07:23:24] poll: sleeping 60s...
[2026-05-05T07:24:24] poll: sleeping 60s...
[2026-05-05T07:25:25] poll: sleeping 60s...
[2026-05-05T07:26:25] poll: sleeping 60s...
[2026-05-05T07:27:25] poll: sleeping 60s...
[2026-05-05T07:28:26] poll: sleeping 60s...
[2026-05-05T07:29:26] poll: sleeping 60s...
[2026-05-05T07:30:26] poll: sleeping 60s...
[2026-05-05T07:31:27] poll: sleeping 60s...
[2026-05-05T07:32:27] poll: sleeping 60s...
[2026-05-05T07:33:27] poll: sleeping 60s...
[2026-05-05T07:34:28] poll: sleeping 60s...
[2026-05-05T07:35:28] poll: sleeping 60s...
[2026-05-05T07:36:28] poll: sleeping 60s...
[2026-05-05T07:37:29] poll: sleeping 60s...
[2026-05-05T07:38:29] poll: sleeping 60s...
[2026-05-05T07:39:29] poll: sleeping 60s...
[2026-05-05T07:40:30] poll: sleeping 60s...
[2026-05-05T07:41:30] poll: sleeping 60s...
[2026-05-05T07:42:30] poll: sleeping 60s...
[2026-05-05T07:43:31] poll: sleeping 60s...
[2026-05-05T07:44:31] poll: sleeping 60s...
[2026-05-05T07:45:31] poll: sleeping 60s...
[2026-05-05T07:46:32] poll: sleeping 60s...
[2026-05-05T07:47:32] poll: sleeping 60s...
[2026-05-05T07:48:32] poll: sleeping 60s...
[2026-05-05T07:49:33] poll: sleeping 60s...
[2026-05-05T07:50:33] poll: sleeping 60s...
[2026-05-05T07:51:33] poll: sleeping 60s...
[2026-05-05T07:52:34] poll: sleeping 60s...
[2026-05-05T07:53:34] poll: sleeping 60s...
[2026-05-05T07:54:34] poll: sleeping 60s...
[2026-05-05T07:55:35] poll: sleeping 60s...
[2026-05-05T07:56:35] poll: sleeping 60s...
[2026-05-05T07:57:35] poll: sleeping 60s...
[2026-05-05T07:58:36] poll: sleeping 60s...
[2026-05-05T07:59:36] poll: sleeping 60s...
[2026-05-05T08:00:36] poll: sleeping 60s...
[2026-05-05T08:01:37] poll: sleeping 60s...
[2026-05-05T08:02:37] poll: sleeping 60s...
[2026-05-05T08:03:37] poll: sleeping 60s...
[2026-05-05T08:04:38] poll: sleeping 60s...
[2026-05-05T08:05:38] poll: sleeping 60s...
[2026-05-05T08:06:38] poll: sleeping 60s...
[2026-05-05T08:07:39] poll: sleeping 60s...
[2026-05-05T08:08:40] poll: sleeping 60s...
[2026-05-05T08:09:41] poll: sleeping 60s...
[2026-05-05T08:10:41] poll: sleeping 60s...
[2026-05-05T08:11:41] poll: sleeping 60s...
[2026-05-05T08:12:42] poll: sleeping 60s...
[2026-05-05T08:13:42] poll: sleeping 60s...
[2026-05-05T08:14:42] poll: sleeping 60s...
[2026-05-05T08:15:43] poll: sleeping 60s...
[2026-05-05T08:16:43] poll: sleeping 60s...
[2026-05-05T08:17:43] poll: sleeping 60s...
[2026-05-05T08:18:43] poll: sleeping 60s...
[2026-05-05T08:19:44] poll: sleeping 60s...
[2026-05-05T08:20:44] poll: sleeping 60s...
[2026-05-05T08:21:45] poll: sleeping 60s...
[2026-05-05T08:22:45] poll: sleeping 60s...
[2026-05-05T08:23:45] poll: sleeping 60s...
[2026-05-05T08:24:46] poll: sleeping 60s...
[2026-05-05T08:25:46] poll: sleeping 60s...
[2026-05-05T08:26:46] poll: sleeping 60s...
[2026-05-05T08:27:47] poll: sleeping 60s...
[2026-05-05T08:28:47] poll: sleeping 60s...
[2026-05-05T08:29:47] poll: sleeping 60s...
[2026-05-05T08:30:47] poll: sleeping 60s...
[2026-05-05T08:31:48] poll: sleeping 60s...
[2026-05-05T08:32:48] poll: sleeping 60s...
[2026-05-05T08:33:48] poll: sleeping 60s...
[2026-05-05T08:34:49] poll: sleeping 60s...
[2026-05-05T08:35:49] poll: sleeping 60s...
[2026-05-05T08:36:49] poll: sleeping 60s...
[2026-05-05T08:37:49] poll: sleeping 60s...
[2026-05-05T08:38:50] poll: sleeping 60s...
[2026-05-05T08:39:50] poll: sleeping 60s...
[2026-05-05T08:40:51] poll: sleeping 60s...
[2026-05-05T08:41:51] poll: sleeping 60s...
[2026-05-05T08:42:51] poll: sleeping 60s...
[2026-05-05T08:43:52] poll: sleeping 60s...
[2026-05-05T08:44:52] poll: sleeping 60s...
[2026-05-05T08:45:52] poll: sleeping 60s...
[2026-05-05T08:46:53] poll: sleeping 60s...
[2026-05-05T08:47:53] poll: sleeping 60s...
[2026-05-05T08:48:53] poll: sleeping 60s...
[2026-05-05T08:49:54] poll: sleeping 60s...
[2026-05-05T08:50:54] poll: sleeping 60s...
[2026-05-05T08:51:54] poll: sleeping 60s...
[2026-05-05T08:52:55] poll: sleeping 60s...
[2026-05-05T08:53:55] poll: sleeping 60s...
[2026-05-05T08:54:55] poll: sleeping 60s...
[2026-05-05T08:55:55] poll: sleeping 60s...
[2026-05-05T08:56:56] poll: sleeping 60s...
[2026-05-05T08:57:56] poll: sleeping 60s...
[2026-05-05T08:58:57] poll: sleeping 60s...
[2026-05-05T08:59:57] poll: sleeping 60s...
[2026-05-05T09:00:57] poll: sleeping 60s...
[2026-05-05T09:01:57] poll: sleeping 60s...
[2026-05-05T09:02:58] poll: sleeping 60s...
[2026-05-05T09:03:58] poll: sleeping 60s...
[2026-05-05T09:04:58] poll: sleeping 60s...
[2026-05-05T09:05:59] poll: sleeping 60s...
[2026-05-05T09:06:59] poll: sleeping 60s...
[2026-05-05T09:07:59] poll: sleeping 60s...
[2026-05-05T09:09:00] poll: sleeping 60s...
[2026-05-05T09:10:00] poll: sleeping 60s...
[2026-05-05T09:11:00] poll: sleeping 60s...
[2026-05-05T09:12:01] poll: sleeping 60s...
[2026-05-05T09:13:01] poll: sleeping 60s...
[2026-05-05T09:14:01] poll: sleeping 60s...
[2026-05-05T09:15:02] poll: sleeping 60s...
[2026-05-05T09:16:02] poll: sleeping 60s...
[2026-05-05T09:17:03] poll: sleeping 60s...
[2026-05-05T09:18:03] poll: sleeping 60s...
[2026-05-05T09:19:03] poll: sleeping 60s...
[2026-05-05T09:20:04] poll: sleeping 60s...
[2026-05-05T09:21:04] poll: sleeping 60s...
[2026-05-05T09:22:04] poll: sleeping 60s...
[2026-05-05T09:23:05] poll: sleeping 60s...
[2026-05-05T09:24:05] poll: sleeping 60s...
[2026-05-05T09:25:05] poll: sleeping 60s...
[2026-05-05T09:26:06] poll: sleeping 60s...
[2026-05-05T09:27:06] poll: sleeping 60s...
[2026-05-05T09:28:06] poll: sleeping 60s...
[2026-05-05T09:29:07] poll: sleeping 60s...
[2026-05-05T09:30:07] poll: sleeping 60s...
[2026-05-05T09:31:07] poll: sleeping 60s...
[2026-05-05T09:32:08] poll: sleeping 60s...
[2026-05-05T09:33:08] poll: sleeping 60s...
[2026-05-05T09:34:08] poll: sleeping 60s...
[2026-05-05T09:35:08] poll: sleeping 60s...
[2026-05-05T09:36:09] poll: sleeping 60s...
[2026-05-05T09:37:09] poll: sleeping 60s...
[2026-05-05T09:38:09] poll: sleeping 60s...
[2026-05-05T09:39:10] poll: sleeping 60s...
[2026-05-05T09:40:10] poll: sleeping 60s...
[2026-05-05T09:41:11] poll: sleeping 60s...
[2026-05-05T09:42:11] poll: sleeping 60s...
[2026-05-05T09:43:11] poll: sleeping 60s...
[2026-05-05T09:44:12] poll: sleeping 60s...
[2026-05-05T09:45:12] poll: sleeping 60s...
[2026-05-05T09:46:12] poll: sleeping 60s...
[2026-05-05T09:47:13] poll: sleeping 60s...
[2026-05-05T09:48:13] poll: sleeping 60s...
[2026-05-05T09:49:13] poll: sleeping 60s...
[2026-05-05T09:50:13] poll: sleeping 60s...
[2026-05-05T09:51:14] poll: sleeping 60s...
[2026-05-05T09:52:14] poll: sleeping 60s...
[2026-05-05T09:53:15] poll: sleeping 60s...
[2026-05-05T09:54:15] poll: sleeping 60s...
[2026-05-05T09:55:15] poll: sleeping 60s...
[2026-05-05T09:56:16] poll: sleeping 60s...
[2026-05-05T09:57:16] poll: sleeping 60s...
[2026-05-05T09:58:16] poll: sleeping 60s...
[2026-05-05T09:59:17] poll: sleeping 60s...
[2026-05-05T10:00:17] poll: sleeping 60s...
[2026-05-05T10:01:18] poll: sleeping 60s...
[2026-05-05T10:02:18] poll: sleeping 60s...
[2026-05-05T10:03:18] poll: sleeping 60s...
[2026-05-05T10:04:19] poll: sleeping 60s...
[2026-05-05T10:05:19] poll: sleeping 60s...
[2026-05-05T10:06:20] poll: sleeping 60s...
[2026-05-05T10:07:20] poll: sleeping 60s...
[2026-05-05T10:08:20] poll: sleeping 60s...
[2026-05-05T10:09:20] poll: sleeping 60s...
[2026-05-05T10:10:21] poll: sleeping 60s...
[2026-05-05T10:11:21] poll: sleeping 60s...
[2026-05-05T10:12:22] poll: sleeping 60s...
[2026-05-05T10:13:22] poll: sleeping 60s...
[2026-05-05T10:14:22] poll: sleeping 60s...
[2026-05-05T10:15:23] poll: sleeping 60s...
[2026-05-05T10:16:23] poll: sleeping 60s...
[2026-05-05T10:17:23] poll: sleeping 60s...
[2026-05-05T10:18:24] poll: sleeping 60s...
[2026-05-05T10:19:24] poll: sleeping 60s...
[2026-05-05T10:20:24] poll: sleeping 60s...
[2026-05-05T10:21:24] poll: sleeping 60s...
[2026-05-05T10:22:25] poll: sleeping 60s...
[2026-05-05T10:23:25] poll: sleeping 60s...
[2026-05-05T10:24:25] poll: sleeping 60s...
[2026-05-05T10:25:26] poll: sleeping 60s...
[2026-05-05T10:26:26] poll: sleeping 60s...
[2026-05-05T10:27:26] poll: sleeping 60s...
[2026-05-05T10:28:27] poll: sleeping 60s...
[2026-05-05T10:29:27] poll: sleeping 60s...
[2026-05-05T10:30:28] poll: sleeping 60s...
[2026-05-05T10:31:28] poll: sleeping 60s...
[2026-05-05T10:32:28] poll: sleeping 60s...
[2026-05-05T10:33:29] poll: sleeping 60s...
[2026-05-05T10:34:29] poll: sleeping 60s...
[2026-05-05T10:35:29] poll: sleeping 60s...
[2026-05-05T10:36:29] poll: sleeping 60s...
[2026-05-05T10:37:30] poll: sleeping 60s...
[2026-05-05T10:38:30] poll: sleeping 60s...
[2026-05-05T10:39:30] poll: sleeping 60s...
[2026-05-05T10:40:31] poll: sleeping 60s...
[2026-05-05T10:41:31] poll: sleeping 60s...
[2026-05-05T10:42:31] poll: sleeping 60s...
[2026-05-05T10:43:32] poll: sleeping 60s...
[2026-05-05T10:44:32] poll: sleeping 60s...
[2026-05-05T10:45:33] poll: sleeping 60s...
[2026-05-05T10:46:33] poll: sleeping 60s...
[2026-05-05T10:47:33] poll: sleeping 60s...
[2026-05-05T10:48:34] poll: sleeping 60s...
[2026-05-05T10:49:34] poll: sleeping 60s...
[2026-05-05T10:50:34] poll: sleeping 60s...
[2026-05-05T10:51:35] poll: sleeping 60s...
[2026-05-05T10:52:35] poll: sleeping 60s...
[2026-05-05T10:53:35] poll: sleeping 60s...
[2026-05-05T10:54:36] poll: sleeping 60s...
[2026-05-05T10:55:36] poll: sleeping 60s...
[2026-05-05T10:56:36] poll: sleeping 60s...
[2026-05-05T10:57:37] poll: sleeping 60s...
[2026-05-05T10:58:37] poll: sleeping 60s...
[2026-05-05T10:59:37] poll: sleeping 60s...
[2026-05-05T11:00:38] poll: sleeping 60s...
[2026-05-05T11:01:38] poll: sleeping 60s...
[2026-05-05T11:02:38] poll: sleeping 60s...
[2026-05-05T11:03:39] poll: sleeping 60s...
[2026-05-05T11:04:39] poll: sleeping 60s...
[2026-05-05T11:05:40] poll: sleeping 60s...
[2026-05-05T11:06:40] poll: sleeping 60s...
[2026-05-05T11:07:40] poll: sleeping 60s...
[2026-05-05T11:08:40] poll: sleeping 60s...
[2026-05-05T11:09:41] poll: sleeping 60s...
[2026-05-05T11:10:41] poll: sleeping 60s...
[2026-05-05T11:11:41] poll: sleeping 60s...
[2026-05-05T11:12:42] poll: sleeping 60s...
[2026-05-05T11:13:42] poll: sleeping 60s...
[2026-05-05T11:14:42] poll: sleeping 60s...
[2026-05-05T11:15:43] poll: sleeping 60s...
[2026-05-05T11:16:43] poll: sleeping 60s...
[2026-05-05T11:17:43] poll: sleeping 60s...
[2026-05-05T11:18:44] poll: sleeping 60s...
[2026-05-05T11:19:44] poll: sleeping 60s...
[2026-05-05T11:20:44] poll: sleeping 60s...
[2026-05-05T11:21:45] poll: sleeping 60s...
[2026-05-05T11:22:45] poll: sleeping 60s...
[2026-05-05T11:23:45] poll: sleeping 60s...
[2026-05-05T11:24:46] poll: sleeping 60s...
[2026-05-05T11:25:46] poll: sleeping 60s...
[2026-05-05T11:26:46] poll: sleeping 60s...
[2026-05-05T11:27:47] poll: sleeping 60s...
[2026-05-05T11:28:47] poll: sleeping 60s...
[2026-05-05T11:29:47] poll: sleeping 60s...
[2026-05-05T11:30:48] poll: sleeping 60s...
[2026-05-05T11:31:48] poll: sleeping 60s...
[2026-05-05T11:32:49] poll: sleeping 60s...
[2026-05-05T11:33:49] poll: sleeping 60s...
[2026-05-05T11:34:49] poll: sleeping 60s...
[2026-05-05T11:35:49] poll: sleeping 60s...
[2026-05-05T11:36:50] poll: sleeping 60s...
[2026-05-05T11:37:50] poll: sleeping 60s...
[2026-05-05T11:38:51] poll: sleeping 60s...
[2026-05-05T11:39:51] poll: sleeping 60s...
[2026-05-05T11:40:51] poll: sleeping 60s...
[2026-05-05T11:41:51] poll: sleeping 60s...
[2026-05-05T11:42:52] poll: sleeping 60s...
[2026-05-05T11:43:52] poll: sleeping 60s...
[2026-05-05T11:44:52] poll: sleeping 60s...
[2026-05-05T11:45:53] poll: sleeping 60s...
[2026-05-05T11:46:53] poll: sleeping 60s...
[2026-05-05T11:47:54] poll: sleeping 60s...
[2026-05-05T11:48:54] poll: sleeping 60s...
[2026-05-05T11:49:54] poll: sleeping 60s...
[2026-05-05T11:50:55] poll: sleeping 60s...
[2026-05-05T11:51:55] poll: sleeping 60s...
[2026-05-05T11:52:55] poll: sleeping 60s...
[2026-05-05T11:53:56] poll: sleeping 60s...
[2026-05-05T11:54:56] poll: sleeping 60s...
[2026-05-05T11:55:56] poll: sleeping 60s...
[2026-05-05T11:56:57] poll: sleeping 60s...
[2026-05-05T11:57:57] poll: sleeping 60s...
[2026-05-05T11:58:57] poll: sleeping 60s...
[2026-05-05T11:59:57] poll: sleeping 60s...
[2026-05-05T12:00:58] poll: sleeping 60s...
[2026-05-06T21:52:32] === OPERATOR LOOP STARTED | poll=60s | repo=C:\AI Assistant\MIDE ===
[2026-05-06T21:52:32] NEW RESULT: MTASK-2000 | status=failed
[2026-05-06T21:52:32]   -> FAILED: issuing retry (0 previous retries)
[2026-05-06T21:52:32] RETRY CREATED: MTASK-2000-RETRY1 (reason: Executor script exited with non-zero status.)
[2026-05-06T21:52:34] GIT PUSH: operator-loop: MTASK-2000-RETRY1 auto-retry
[2026-05-06T21:52:34] NEW RESULT: MTASK-0104 | status=completed
[2026-05-06T21:52:34]   -> SUCCESS: issuing next task in pipeline
[2026-05-06T21:52:34] NEXT TASK MTASK-0105 already exists, skipping
[2026-05-06T21:52:34] poll: sleeping 60s...
[2026-05-06T21:53:35] NEW RESULT: MTASK-2000-RETRY1 | status=failed
[2026-05-06T21:53:35]   -> FAILED: issuing retry (0 previous retries)
[2026-05-06T21:53:35] RETRY CREATED: MTASK-2000-RETRY1-RETRY2 (reason: Executor script exited with non-zero status.)
[2026-05-06T21:53:37] GIT PUSH: operator-loop: MTASK-2000-RETRY1-RETRY2 auto-retry
[2026-05-06T21:53:37] poll: sleeping 60s...
[2026-05-06T21:54:37] NEW RESULT: MTASK-2000-RETRY1-RETRY2 | status=failed
[2026-05-06T21:54:37]   -> FAILED: issuing retry (0 previous retries)
[2026-05-06T21:54:37] RETRY CREATED: MTASK-2000-RETRY1-RETRY2-RETRY2 (reason: Executor script exited with non-zero status.)
[2026-05-06T21:54:39] GIT PUSH: operator-loop: MTASK-2000-RETRY1-RETRY2-RETRY2 auto-retry
[2026-05-06T21:54:39] poll: sleeping 60s...
[2026-05-06T21:55:39] NEW RESULT: MTASK-2000-RETRY1-RETRY2-RETRY2 | status=failed
[2026-05-06T21:55:39]   -> FAILED: issuing retry (0 previous retries)
[2026-05-06T21:55:39] RETRY CREATED: MTASK-2000-RETRY1-RETRY2-RETRY2-RETRY2 (reason: Executor script exited with non-zero status.)
[2026-05-06T21:55:41] GIT PUSH: operator-loop: MTASK-2000-RETRY1-RETRY2-RETRY2-RETRY2 auto-retry
[2026-05-06T21:55:41] poll: sleeping 60s...
[2026-05-06T21:56:46] === OPERATOR LOOP STARTED | poll=60s | repo=C:\AI Assistant\MIDE ===
[2026-05-06T21:56:46] NEW RESULT: MTASK-2000-RETRY1-RETRY2-RETRY2-RETRY2 | status=completed
[2026-05-06T21:56:46]   -> SUCCESS: issuing next task in pipeline
[2026-05-06T21:56:46] NO PIPELINE ENTRY for MTASK-2000-RETRY1-RETRY2-RETRY2-RETRY2 -- operator input needed for next step
[2026-05-06T21:56:46] poll: sleeping 60s...
[2026-05-06T21:57:47] poll: sleeping 60s...
[2026-05-06T21:58:47] poll: sleeping 60s...
[2026-05-06T21:59:48] poll: sleeping 60s...
[2026-05-06T22:00:48] poll: sleeping 60s...
[2026-05-06T22:01:49] NEW RESULT: MTASK-0107 | status=failed
[2026-05-06T22:01:49]   -> FAILED: issuing retry (0 previous retries)
[2026-05-06T22:01:49] RETRY SKIPPED: Cannot find original task file C:\AI Assistant\MIDE\pilot_v1\tasks\MTASK-0107.json
[2026-05-06T22:01:49] poll: sleeping 60s...
[2026-05-06T22:02:49] poll: sleeping 60s...
[2026-05-06T22:03:49] poll: sleeping 60s...
[2026-05-06T22:04:50] poll: sleeping 60s...
[2026-05-06T22:05:50] poll: sleeping 60s...
[2026-05-06T22:06:50] poll: sleeping 60s...
[2026-05-06T22:07:51] poll: sleeping 60s...
[2026-05-06T22:08:51] poll: sleeping 60s...
[2026-05-06T22:09:51] poll: sleeping 60s...
[2026-05-06T22:10:52] poll: sleeping 60s...
[2026-05-06T22:11:52] poll: sleeping 60s...
[2026-05-06T22:12:53] NEW RESULT: MTASK-0105 | status=failed
[2026-05-06T22:12:53]   -> FAILED: issuing retry (0 previous retries)
[2026-05-06T22:12:53] RETRY CREATED: MTASK-0105-RETRY1 (reason: Executor script exited with non-zero status.)
[2026-05-06T22:12:55] GIT PUSH: operator-loop: MTASK-0105-RETRY1 auto-retry
[2026-05-06T22:12:55] poll: sleeping 60s...
[2026-05-06T22:13:55] poll: sleeping 60s...
[2026-05-06T22:14:55] NEW RESULT: MTASK-0105-RETRY1 | status=failed
[2026-05-06T22:14:55]   -> FAILED: issuing retry (0 previous retries)
[2026-05-06T22:14:55] RETRY CREATED: MTASK-0105-RETRY2 (reason: Executor script exited with non-zero status.)
[2026-05-06T22:14:57] GIT PUSH: operator-loop: MTASK-0105-RETRY2 auto-retry
[2026-05-06T22:14:57] poll: sleeping 60s...
[2026-05-06T22:15:57] poll: sleeping 60s...
[2026-05-06T22:16:41] === OPERATOR LOOP STARTED | poll=60s | repo=C:\AI Assistant\MIDE ===
[2026-05-06T22:16:42] poll: sleeping 60s...
[2026-05-06T22:17:42] NEW RESULT: MTASK-0105-RETRY2 | status=completed
[2026-05-06T22:17:42]   -> SUCCESS: issuing next task in pipeline
[2026-05-06T22:17:42] NO PIPELINE ENTRY for MTASK-0105-RETRY2 -- operator input needed for next step
[2026-05-06T22:17:42] poll: sleeping 60s...
[2026-05-06T22:18:43] poll: sleeping 60s...
[2026-05-06T22:19:59] === OPERATOR LOOP STARTED | poll=60s | repo=C:\AI Assistant\MIDE ===
[2026-05-06T22:20:01] poll: sleeping 60s...
[2026-05-06T22:21:03] poll: sleeping 60s...
[2026-05-06T22:22:05] poll: sleeping 60s...
[2026-05-06T22:23:07] poll: sleeping 60s...
[2026-05-06T22:24:09] poll: sleeping 60s...
[2026-05-06T22:25:11] poll: sleeping 60s...
[2026-05-06T22:26:12] poll: sleeping 60s...
[2026-05-06T22:27:14] poll: sleeping 60s...
[2026-05-06T22:28:16] poll: sleeping 60s...
[2026-05-06T22:29:18] poll: sleeping 60s...
[2026-05-06T22:30:20] poll: sleeping 60s...
[2026-05-06T22:31:22] poll: sleeping 60s...
[2026-05-06T22:32:23] poll: sleeping 60s...
[2026-05-06T22:33:24] NEW RESULT: MTASK-0108 | status=completed
[2026-05-06T22:33:24]   -> SUCCESS: issuing next task in pipeline
[2026-05-06T22:33:24] NO PIPELINE ENTRY for MTASK-0108 -- operator input needed for next step
[2026-05-06T22:33:25] poll: sleeping 60s...
[2026-05-06T22:34:27] poll: sleeping 60s...
[2026-05-06T22:35:29] poll: sleeping 60s...
[2026-05-06T22:36:31] poll: sleeping 60s...
[2026-05-06T22:37:32] poll: sleeping 60s...
[2026-05-06T22:38:34] poll: sleeping 60s...
[2026-05-06T22:39:36] poll: sleeping 60s...
[2026-05-06T22:40:38] poll: sleeping 60s...
[2026-05-06T22:41:40] poll: sleeping 60s...
[2026-05-06T22:42:42] poll: sleeping 60s...
[2026-05-06T22:43:43] poll: sleeping 60s...
[2026-05-06T22:44:45] poll: sleeping 60s...
[2026-05-06T22:45:47] poll: sleeping 60s...
[2026-05-06T22:46:49] poll: sleeping 60s...
[2026-05-06T22:47:50] poll: sleeping 60s...
[2026-05-06T22:48:53] poll: sleeping 60s...
[2026-05-06T22:49:54] poll: sleeping 60s...
[2026-05-06T22:50:56] poll: sleeping 60s...
[2026-05-06T22:51:58] poll: sleeping 60s...
[2026-05-06T22:53:00] poll: sleeping 60s...
[2026-05-06T22:54:02] poll: sleeping 60s...
[2026-05-06T22:55:04] poll: sleeping 60s...
[2026-05-06T22:56:06] poll: sleeping 60s...
[2026-05-06T22:57:07] poll: sleeping 60s...
[2026-05-06T22:58:09] poll: sleeping 60s...
[2026-05-06T22:59:11] poll: sleeping 60s...
[2026-05-06T23:00:13] poll: sleeping 60s...
[2026-05-06T23:01:15] poll: sleeping 60s...
[2026-05-06T23:02:17] poll: sleeping 60s...
[2026-05-06T23:03:19] poll: sleeping 60s...
[2026-05-06T23:04:20] poll: sleeping 60s...
[2026-05-06T23:05:21] NEW RESULT: MTASK-0106 | status=completed
[2026-05-06T23:05:21]   -> SUCCESS: issuing next task in pipeline
[2026-05-06T23:05:21] NO PIPELINE ENTRY for MTASK-0106 -- operator input needed for next step
[2026-05-06T23:05:23] poll: sleeping 60s...
[2026-05-06T23:06:24] poll: sleeping 60s...
[2026-05-06T23:07:26] poll: sleeping 60s...
[2026-05-06T23:08:28] poll: sleeping 60s...
[2026-05-06T23:09:30] poll: sleeping 60s...
[2026-05-06T23:10:32] poll: sleeping 60s...
[2026-05-06T23:11:34] poll: sleeping 60s...
[2026-05-06T23:12:36] poll: sleeping 60s...
[2026-05-06T23:13:38] poll: sleeping 60s...
[2026-05-06T23:14:40] poll: sleeping 60s...
